0 info it worked if it ends with ok
1 verbose cli [ '/Users/david.morrow/.nvm/versions/node/v6.5.0/bin/node',
1 verbose cli   '/Users/david.morrow/.nvm/versions/node/v6.5.0/bin/npm',
1 verbose cli   'run',
1 verbose cli   'ejs' ]
2 info using npm@3.10.3
3 info using node@v6.5.0
4 verbose run-script [ 'preejs', 'ejs', 'postejs' ]
5 info lifecycle pdx@1.0.0~preejs: pdx@1.0.0
6 silly lifecycle pdx@1.0.0~preejs: no script for preejs, continuing
7 info lifecycle pdx@1.0.0~ejs: pdx@1.0.0
8 verbose lifecycle pdx@1.0.0~ejs: unsafe-perm in lifecycle true
9 verbose lifecycle pdx@1.0.0~ejs: PATH: /Users/david.morrow/.nvm/versions/node/v6.5.0/lib/node_modules/npm/bin/node-gyp-bin:/Users/david.morrow/builds/PDX-Industrial/node_modules/.bin:/Users/david.morrow/.nvm/versions/node/v6.5.0/bin:/Users/david.morrow/.nvm/versions/node/v6.5.0/bin:/usr/local/bin:/usr/local/bin:/usr/bin:/bin:/usr/sbin:/sbin
10 verbose lifecycle pdx@1.0.0~ejs: CWD: /Users/david.morrow/builds/PDX-Industrial
11 silly lifecycle pdx@1.0.0~ejs: Args: [ '-c', 'node ./scripts/ejs.js' ]
12 silly lifecycle pdx@1.0.0~ejs: Returned: code: 1  signal: null
13 info lifecycle pdx@1.0.0~ejs: Failed to exec ejs script
14 verbose stack Error: pdx@1.0.0 ejs: `node ./scripts/ejs.js`
14 verbose stack Exit status 1
14 verbose stack     at EventEmitter.<anonymous> (/Users/david.morrow/.nvm/versions/node/v6.5.0/lib/node_modules/npm/lib/utils/lifecycle.js:242:16)
14 verbose stack     at emitTwo (events.js:106:13)
14 verbose stack     at EventEmitter.emit (events.js:191:7)
14 verbose stack     at ChildProcess.<anonymous> (/Users/david.morrow/.nvm/versions/node/v6.5.0/lib/node_modules/npm/lib/utils/spawn.js:40:14)
14 verbose stack     at emitTwo (events.js:106:13)
14 verbose stack     at ChildProcess.emit (events.js:191:7)
14 verbose stack     at maybeClose (internal/child_process.js:877:16)
14 verbose stack     at Process.ChildProcess._handle.onexit (internal/child_process.js:226:5)
15 verbose pkgid pdx@1.0.0
16 verbose cwd /Users/david.morrow/builds/PDX-Industrial
17 error Darwin 15.6.0
18 error argv "/Users/david.morrow/.nvm/versions/node/v6.5.0/bin/node" "/Users/david.morrow/.nvm/versions/node/v6.5.0/bin/npm" "run" "ejs"
19 error node v6.5.0
20 error npm  v3.10.3
21 error code ELIFECYCLE
22 error pdx@1.0.0 ejs: `node ./scripts/ejs.js`
22 error Exit status 1
23 error Failed at the pdx@1.0.0 ejs script 'node ./scripts/ejs.js'.
23 error Make sure you have the latest version of node.js and npm installed.
23 error If you do, this is most likely a problem with the pdx package,
23 error not with npm itself.
23 error Tell the author that this fails on your system:
23 error     node ./scripts/ejs.js
23 error You can get information on how to open an issue for this project with:
23 error     npm bugs pdx
23 error Or if that isn't available, you can get their info via:
23 error     npm owner ls pdx
23 error There is likely additional logging output above.
24 verbose exit [ 1, true ]
